<?xml version="1.0" encoding="UTF-8"?>
<!-- Generated by org.testng.reporters.JUnitReportReporter -->
<testsuite hostname="DESKTOP-E93E3NQ" failures="0" tests="5" name="TestCases.LoginPageTest" time="34.256" errors="0" timestamp="2022-10-26T15:55:20 IST" skipped="4">
  <testcase classname="TestCases.LoginPageTest" name="verifyLoginPageTitleTest" time="34.256"/>
  <system-out/>
  <testcase classname="TestCases.LoginPageTest" name="verifyLoginPageURLTest">
    <skipped/>
  </testcase> <!-- verifyLoginPageURLTest -->
  <system-out/>
  <testcase classname="TestCases.LoginPageTest" name="verifyBotColumnLogoTest">
    <skipped/>
  </testcase> <!-- verifyBotColumnLogoTest -->
  <system-out/>
  <testcase classname="TestCases.LoginPageTest" name="verifyLoginLogoTest">
    <skipped/>
  </testcase> <!-- verifyLoginLogoTest -->
  <system-out/>
  <testcase classname="TestCases.LoginPageTest" name="LoginToPage1Test">
    <skipped/>
  </testcase> <!-- LoginToPage1Test -->
  <system-out/>
</testsuite> <!-- TestCases.LoginPageTest -->
