<?xml version="1.0" encoding="UTF-8"?>
<!-- Generated by org.testng.reporters.JUnitReportReporter -->
<testsuite hostname="DESKTOP-E93E3NQ" failures="0" tests="2" name="TestCases.ThirdlastPageTest" time="58.606" errors="0" timestamp="2022-10-19T19:37:21 IST" skipped="0">
  <testcase classname="TestCases.ThirdlastPageTest" name="OrderPlacedTest" time="32.904"/>
  <system-out/>
  <testcase classname="TestCases.ThirdlastPageTest" name="OrderCanclledTest" time="25.702"/>
  <system-out/>
</testsuite> <!-- TestCases.ThirdlastPageTest -->
