<?xml version="1.0" encoding="UTF-8"?>
<!-- Generated by org.testng.reporters.JUnitReportReporter -->
<testsuite hostname="DESKTOP-E93E3NQ" failures="0" tests="36" name="TestCases.inventorycontainerPage2Test" time="22.235" errors="0" timestamp="2022-10-24T09:43:38 IST" skipped="35">
  <testcase classname="TestCases.inventorycontainerPage2Test" name="AddProductTest" time="22.235"/>
  <system-out/>
  <testcase classname="TestCases.inventorycontainerPage2Test" name="verifyinventoryitemdesc2Test">
    <skipped/>
  </testcase> <!-- verifyinventoryitemdesc2Test -->
  <system-out/>
  <testcase classname="TestCases.inventorycontainerPage2Test" name="removeProductTest">
    <skipped/>
  </testcase> <!-- removeProductTest -->
  <system-out/>
  <testcase classname="TestCases.inventorycontainerPage2Test" name="verifyTwitterlINKTest">
    <skipped/>
  </testcase> <!-- verifyTwitterlINKTest -->
  <system-out/>
  <testcase classname="TestCases.inventorycontainerPage2Test" name="verifyPeekLogTest">
    <skipped/>
  </testcase> <!-- verifyPeekLogTest -->
  <system-out/>
  <testcase classname="TestCases.inventorycontainerPage2Test" name="verifyAddtocart3Test">
    <skipped/>
  </testcase> <!-- verifyAddtocart3Test -->
  <system-out/>
  <testcase classname="TestCases.inventorycontainerPage2Test" name="verifyinventoryitemnameTest">
    <skipped/>
  </testcase> <!-- verifyinventoryitemnameTest -->
  <system-out/>
  <testcase classname="TestCases.inventorycontainerPage2Test" name="verifyMenuBtnDropDownBoxTest">
    <skipped/>
  </testcase> <!-- verifyMenuBtnDropDownBoxTest -->
  <system-out/>
  <testcase classname="TestCases.inventorycontainerPage2Test" name="verifySauceLabsOnesieTest">
    <skipped/>
  </testcase> <!-- verifySauceLabsOnesieTest -->
  <system-out/>
  <testcase classname="TestCases.inventorycontainerPage2Test" name="verifyinventoryitemname2Test">
    <skipped/>
  </testcase> <!-- verifyinventoryitemname2Test -->
  <system-out/>
  <testcase classname="TestCases.inventorycontainerPage2Test" name="verifyFacebooklINKTest">
    <skipped/>
  </testcase> <!-- verifyFacebooklINKTest -->
  <system-out/>
  <testcase classname="TestCases.inventorycontainerPage2Test" name="verifyAddtocartTest">
    <skipped/>
  </testcase> <!-- verifyAddtocartTest -->
  <system-out/>
  <testcase classname="TestCases.inventorycontainerPage2Test" name="verifySauceLabsFleeceJacketTest">
    <skipped/>
  </testcase> <!-- verifySauceLabsFleeceJacketTest -->
  <system-out/>
  <testcase classname="TestCases.inventorycontainerPage2Test" name="verifyAddtocart4Test">
    <skipped/>
  </testcase> <!-- verifyAddtocart4Test -->
  <system-out/>
  <testcase classname="TestCases.inventorycontainerPage2Test" name="verifyinventoryitemname1Test">
    <skipped/>
  </testcase> <!-- verifyinventoryitemname1Test -->
  <system-out/>
  <testcase classname="TestCases.inventorycontainerPage2Test" name="verifyproductsortcontainerDropDownBoxTest">
    <skipped/>
  </testcase> <!-- verifyproductsortcontainerDropDownBoxTest -->
  <system-out/>
  <testcase classname="TestCases.inventorycontainerPage2Test" name="VerifyNextPageUrlTest">
    <skipped/>
  </testcase> <!-- VerifyNextPageUrlTest -->
  <system-out/>
  <testcase classname="TestCases.inventorycontainerPage2Test" name="verifyThirdPageTest">
    <skipped/>
  </testcase> <!-- verifyThirdPageTest -->
  <system-out/>
  <testcase classname="TestCases.inventorycontainerPage2Test" name="verifyinventoryitemname3Test">
    <skipped/>
  </testcase> <!-- verifyinventoryitemname3Test -->
  <system-out/>
  <testcase classname="TestCases.inventorycontainerPage2Test" name="verifyAddtocart1Test">
    <skipped/>
  </testcase> <!-- verifyAddtocart1Test -->
  <system-out/>
  <testcase classname="TestCases.inventorycontainerPage2Test" name="verifyinventoryitemdescTest">
    <skipped/>
  </testcase> <!-- verifyinventoryitemdescTest -->
  <system-out/>
  <testcase classname="TestCases.inventorycontainerPage2Test" name="verifyAddtocart5Test">
    <skipped/>
  </testcase> <!-- verifyAddtocart5Test -->
  <system-out/>
  <testcase classname="TestCases.inventorycontainerPage2Test" name="verifyAddtocart2Test">
    <skipped/>
  </testcase> <!-- verifyAddtocart2Test -->
  <system-out/>
  <testcase classname="TestCases.inventorycontainerPage2Test" name="verifyfooterrobotlOGOTEST">
    <skipped/>
  </testcase> <!-- verifyfooterrobotlOGOTEST -->
  <system-out/>
  <testcase classname="TestCases.inventorycontainerPage2Test" name="verifyinventoryitemdesc1Test">
    <skipped/>
  </testcase> <!-- verifyinventoryitemdesc1Test -->
  <system-out/>
  <testcase classname="TestCases.inventorycontainerPage2Test" name="verifySauceLabsBoltTShirtTest">
    <skipped/>
  </testcase> <!-- verifySauceLabsBoltTShirtTest -->
  <system-out/>
  <testcase classname="TestCases.inventorycontainerPage2Test" name="verifyTestallTheThingsTShirtRedTest">
    <skipped/>
  </testcase> <!-- verifyTestallTheThingsTShirtRedTest -->
  <system-out/>
  <testcase classname="TestCases.inventorycontainerPage2Test" name="verifyinventoryitemname4Test">
    <skipped/>
  </testcase> <!-- verifyinventoryitemname4Test -->
  <system-out/>
  <testcase classname="TestCases.inventorycontainerPage2Test" name="verifySauceLabsBikeLighttEST">
    <skipped/>
  </testcase> <!-- verifySauceLabsBikeLighttEST -->
  <system-out/>
  <testcase classname="TestCases.inventorycontainerPage2Test" name="verifyAppLgoTest">
    <skipped/>
  </testcase> <!-- verifyAppLgoTest -->
  <system-out/>
  <testcase classname="TestCases.inventorycontainerPage2Test" name="verifyinventoryitemdesc5Test">
    <skipped/>
  </testcase> <!-- verifyinventoryitemdesc5Test -->
  <system-out/>
  <testcase classname="TestCases.inventorycontainerPage2Test" name="verifyfootercopytEXTtEST">
    <skipped/>
  </testcase> <!-- verifyfootercopytEXTtEST -->
  <system-out/>
  <testcase classname="TestCases.inventorycontainerPage2Test" name="verifyinventoryitemname5Test">
    <skipped/>
  </testcase> <!-- verifyinventoryitemname5Test -->
  <system-out/>
  <testcase classname="TestCases.inventorycontainerPage2Test" name="verifyshoppingcartlinkTest">
    <skipped/>
  </testcase> <!-- verifyshoppingcartlinkTest -->
  <system-out/>
  <testcase classname="TestCases.inventorycontainerPage2Test" name="verifyLinkedInLinkTest">
    <skipped/>
  </testcase> <!-- verifyLinkedInLinkTest -->
  <system-out/>
  <testcase classname="TestCases.inventorycontainerPage2Test" name="verifySauceLabsBackpackTest">
    <skipped/>
  </testcase> <!-- verifySauceLabsBackpackTest -->
  <system-out/>
</testsuite> <!-- TestCases.inventorycontainerPage2Test -->
