<?xml version="1.0" encoding="UTF-8"?>
<!-- Generated by org.testng.reporters.JUnitReportReporter -->
<testsuite hostname="DESKTOP-E93E3NQ" failures="0" tests="3" name="TestCases.SecondLastPageTest" time="48.410" errors="0" timestamp="2022-10-19T20:21:36 IST" skipped="0">
  <testcase classname="TestCases.SecondLastPageTest" name="OverviewTextTest" time="17.020"/>
  <system-out/>
  <testcase classname="TestCases.SecondLastPageTest" name="CanclledTest" time="15.389"/>
  <system-out/>
  <testcase classname="TestCases.SecondLastPageTest" name="FinishTest" time="16.001"/>
  <system-out/>
</testsuite> <!-- TestCases.SecondLastPageTest -->
