<?xml version="1.0" encoding="UTF-8"?>
<!-- Generated by org.testng.reporters.JUnitReportReporter -->
<testsuite hostname="DESKTOP-E93E3NQ" failures="0" tests="4" name="TestCases.ParallelTest" time="320.526" errors="0" timestamp="2022-10-25T12:54:45 IST" skipped="0">
  <testcase classname="TestCases.ParallelTest" name="Url1" time="89.704"/>
  <system-out/>
  <testcase classname="TestCases.ParallelTest" name="URL4" time="61.807"/>
  <system-out/>
  <testcase classname="TestCases.ParallelTest" name="URL3" time="88.226"/>
  <system-out/>
  <testcase classname="TestCases.ParallelTest" name="URL2" time="80.789"/>
  <system-out/>
</testsuite> <!-- TestCases.ParallelTest -->
