<?xml version="1.0" encoding="UTF-8"?>
<!-- Generated by org.testng.reporters.JUnitReportReporter -->
<testsuite hostname="DESKTOP-E93E3NQ" failures="0" tests="7" name="TestCases.InventoryPage3Test" time="39.731" errors="0" timestamp="2022-10-19T18:41:11 IST" skipped="6">
  <testcase classname="TestCases.InventoryPage3Test" name="verifyCheckOutTest" time="39.731"/>
  <system-out/>
  <testcase classname="TestCases.InventoryPage3Test" name="verifyPageThreemenuBtnTest">
    <skipped/>
  </testcase> <!-- verifyPageThreemenuBtnTest -->
  <system-out/>
  <testcase classname="TestCases.InventoryPage3Test" name="verifyPageThreeQuantityLabelTest">
    <skipped/>
  </testcase> <!-- verifyPageThreeQuantityLabelTest -->
  <system-out/>
  <testcase classname="TestCases.InventoryPage3Test" name="verifyPageThreeDescLabelTest">
    <skipped/>
  </testcase> <!-- verifyPageThreeDescLabelTest -->
  <system-out/>
  <testcase classname="TestCases.InventoryPage3Test" name="verifyPageThreeapplogoTest">
    <skipped/>
  </testcase> <!-- verifyPageThreeapplogoTest -->
  <system-out/>
  <testcase classname="TestCases.InventoryPage3Test" name="verifyAddmoreProTest">
    <skipped/>
  </testcase> <!-- verifyAddmoreProTest -->
  <system-out/>
  <testcase classname="TestCases.InventoryPage3Test" name="verifyPageThreeCartTest">
    <skipped/>
  </testcase> <!-- verifyPageThreeCartTest -->
  <system-out/>
</testsuite> <!-- TestCases.InventoryPage3Test -->
